<?xml version="1.0" encoding="UTF-8"?>
<testng-results ignored="0" total="5" passed="4" failed="1" skipped="0">
  <reporter-output>
  </reporter-output>
  <suite started-at="2022-05-31T15:20:44 IST" name="Suite" finished-at="2022-05-31T15:21:04 IST" duration-ms="20039">
    <groups>
    </groups>
    <test started-at="2022-05-31T15:20:44 IST" name="Test" finished-at="2022-05-31T15:21:04 IST" duration-ms="20039">
      <class name="Com.SaouceDemo.TestClass.TC01_LoginPage_FunctionalityCheck">
        <test-method is-config="true" signature="setup(java.lang.String)[pri:0, instance:Com.SaouceDemo.TestClass.TC01_LoginPage_FunctionalityCheck@21e360a]" started-at="2022-05-31T15:20:51 IST" name="setup" finished-at="2022-05-31T15:20:53 IST" duration-ms="2701" status="PASS">
          <params>
            <param index="0">
              <value>
                <![CDATA[chrome]]>
              </value>
            </param>
          </params>
          <reporter-output>
          </reporter-output>
        </test-method> <!-- setup -->
        <test-method signature="loginFunctinality()[pri:3, instance:Com.SaouceDemo.TestClass.TC01_LoginPage_FunctionalityCheck@21e360a]" started-at="2022-05-31T15:20:53 IST" name="loginFunctinality" finished-at="2022-05-31T15:20:53 IST" duration-ms="8" status="PASS">
          <reporter-output>
          </reporter-output>
        </test-method> <!-- loginFunctinality -->
        <test-method is-config="true" signature="tearDown()[pri:0, instance:Com.SaouceDemo.TestClass.TC01_LoginPage_FunctionalityCheck@21e360a]" started-at="2022-05-31T15:20:53 IST" name="tearDown" finished-at="2022-05-31T15:20:54 IST" duration-ms="391" status="PASS">
          <reporter-output>
          </reporter-output>
        </test-method> <!-- tearDown -->
      </class> <!-- Com.SaouceDemo.TestClass.TC01_LoginPage_FunctionalityCheck -->
      <class name="Com.SaouceDemo.TestClass.TC03_ProductAddToCart">
        <test-method is-config="true" signature="setup(java.lang.String)[pri:0, instance:Com.SaouceDemo.TestClass.TC03_ProductAddToCart@5ba3f27a]" started-at="2022-05-31T15:20:54 IST" name="setup" finished-at="2022-05-31T15:20:57 IST" duration-ms="2874" status="PASS">
          <params>
            <param index="0">
              <value>
                <![CDATA[chrome]]>
              </value>
            </param>
          </params>
          <reporter-output>
          </reporter-output>
        </test-method> <!-- setup -->
        <test-method signature="productaddToCart()[pri:2, instance:Com.SaouceDemo.TestClass.TC03_ProductAddToCart@5ba3f27a]" started-at="2022-05-31T15:20:57 IST" name="productaddToCart" finished-at="2022-05-31T15:20:57 IST" duration-ms="266" status="FAIL">
          <exception class="java.lang.AssertionError">
            <message>
              <![CDATA[The following asserts failed:
expected [6] but found [https://www.saucedemo.com/inventory.html]]]>
            </message>
            <full-stacktrace>
              <![CDATA[java.lang.AssertionError: The following asserts failed:
expected [6] but found [https://www.saucedemo.com/inventory.html]
at org.testng.asserts.SoftAssert.assertAll(SoftAssert.java:47)
at org.testng.asserts.SoftAssert.assertAll(SoftAssert.java:31)
at Com.SaouceDemo.TestClass.TC03_ProductAddToCart.productaddToCart(TC03_ProductAddToCart.java:35)
at java.base/jdk.internal.reflect.NativeMethodAccessorImpl.invoke0(Native Method)
at java.base/jdk.internal.reflect.NativeMethodAccessorImpl.invoke(NativeMethodAccessorImpl.java:77)
at java.base/jdk.internal.reflect.DelegatingMethodAccessorImpl.invoke(DelegatingMethodAccessorImpl.java:43)
at java.base/java.lang.reflect.Method.invoke(Method.java:568)
at org.testng.internal.MethodInvocationHelper.invokeMethod(MethodInvocationHelper.java:133)
at org.testng.internal.TestInvoker.invokeMethod(TestInvoker.java:598)
at org.testng.internal.TestInvoker.invokeTestMethod(TestInvoker.java:173)
at org.testng.internal.MethodRunner.runInSequence(MethodRunner.java:46)
at org.testng.internal.TestInvoker$MethodInvocationAgent.invoke(TestInvoker.java:824)
at org.testng.internal.TestInvoker.invokeTestMethods(TestInvoker.java:146)
at org.testng.internal.TestMethodWorker.invokeTestMethods(TestMethodWorker.java:146)
at org.testng.internal.TestMethodWorker.run(TestMethodWorker.java:128)
at java.base/java.util.ArrayList.forEach(ArrayList.java:1511)
at org.testng.TestRunner.privateRun(TestRunner.java:794)
at org.testng.TestRunner.run(TestRunner.java:596)
at org.testng.SuiteRunner.runTest(SuiteRunner.java:377)
at org.testng.SuiteRunner.runSequentially(SuiteRunner.java:371)
at org.testng.SuiteRunner.privateRun(SuiteRunner.java:332)
at org.testng.SuiteRunner.run(SuiteRunner.java:276)
at org.testng.SuiteRunnerWorker.runSuite(SuiteRunnerWorker.java:53)
at org.testng.SuiteRunnerWorker.run(SuiteRunnerWorker.java:96)
at org.testng.TestNG.runSuitesSequentially(TestNG.java:1212)
at org.testng.TestNG.runSuitesLocally(TestNG.java:1134)
at org.testng.TestNG.runSuites(TestNG.java:1063)
at org.testng.TestNG.run(TestNG.java:1031)
at org.testng.remote.AbstractRemoteTestNG.run(AbstractRemoteTestNG.java:115)
at org.testng.remote.RemoteTestNG.initAndRun(RemoteTestNG.java:251)
at org.testng.remote.RemoteTestNG.main(RemoteTestNG.java:77)
]]>
            </full-stacktrace>
          </exception> <!-- java.lang.AssertionError -->
          <reporter-output>
          </reporter-output>
        </test-method> <!-- productaddToCart -->
        <test-method is-config="true" signature="tearDown()[pri:0, instance:Com.SaouceDemo.TestClass.TC03_ProductAddToCart@5ba3f27a]" started-at="2022-05-31T15:20:57 IST" name="tearDown" finished-at="2022-05-31T15:20:57 IST" duration-ms="346" status="PASS">
          <reporter-output>
          </reporter-output>
        </test-method> <!-- tearDown -->
      </class> <!-- Com.SaouceDemo.TestClass.TC03_ProductAddToCart -->
      <class name="Com.SaouceDemo.TestClass.TC005_addPersonalInfo">
        <test-method is-config="true" signature="setup(java.lang.String)[pri:0, instance:Com.SaouceDemo.TestClass.TC005_addPersonalInfo@58d75e99]" started-at="2022-05-31T15:20:57 IST" name="setup" finished-at="2022-05-31T15:21:00 IST" duration-ms="2804" status="PASS">
          <params>
            <param index="0">
              <value>
                <![CDATA[chrome]]>
              </value>
            </param>
          </params>
          <reporter-output>
          </reporter-output>
        </test-method> <!-- setup -->
        <test-method signature="personalInfoAdd()[pri:1, instance:Com.SaouceDemo.TestClass.TC005_addPersonalInfo@58d75e99]" started-at="2022-05-31T15:21:00 IST" name="personalInfoAdd" finished-at="2022-05-31T15:21:01 IST" duration-ms="538" status="PASS">
          <reporter-output>
          </reporter-output>
        </test-method> <!-- personalInfoAdd -->
        <test-method is-config="true" signature="tearDown()[pri:0, instance:Com.SaouceDemo.TestClass.TC005_addPersonalInfo@58d75e99]" started-at="2022-05-31T15:21:01 IST" name="tearDown" finished-at="2022-05-31T15:21:01 IST" duration-ms="388" status="PASS">
          <reporter-output>
          </reporter-output>
        </test-method> <!-- tearDown -->
      </class> <!-- Com.SaouceDemo.TestClass.TC005_addPersonalInfo -->
      <class name="Com.SaouceDemo.TestClass.TC04_ProceedToCheckOut">
        <test-method is-config="true" signature="setup(java.lang.String)[pri:0, instance:Com.SaouceDemo.TestClass.TC04_ProceedToCheckOut@5403f35f]" started-at="2022-05-31T15:20:44 IST" name="setup" finished-at="2022-05-31T15:20:50 IST" duration-ms="5495" status="PASS">
          <params>
            <param index="0">
              <value>
                <![CDATA[chrome]]>
              </value>
            </param>
          </params>
          <reporter-output>
          </reporter-output>
        </test-method> <!-- setup -->
        <test-method signature="PersonalInfoAdd()[pri:5, instance:Com.SaouceDemo.TestClass.TC04_ProceedToCheckOut@5403f35f]" started-at="2022-05-31T15:20:50 IST" name="PersonalInfoAdd" finished-at="2022-05-31T15:20:50 IST" duration-ms="471" status="PASS">
          <reporter-output>
          </reporter-output>
        </test-method> <!-- PersonalInfoAdd -->
        <test-method is-config="true" signature="tearDown()[pri:0, instance:Com.SaouceDemo.TestClass.TC04_ProceedToCheckOut@5403f35f]" started-at="2022-05-31T15:20:50 IST" name="tearDown" finished-at="2022-05-31T15:20:51 IST" duration-ms="460" status="PASS">
          <reporter-output>
          </reporter-output>
        </test-method> <!-- tearDown -->
      </class> <!-- Com.SaouceDemo.TestClass.TC04_ProceedToCheckOut -->
      <class name="Com.SaouceDemo.TestClass.TC02_logoutfunc">
        <test-method is-config="true" signature="setup(java.lang.String)[pri:0, instance:Com.SaouceDemo.TestClass.TC02_logoutfunc@74751b3]" started-at="2022-05-31T15:21:01 IST" name="setup" finished-at="2022-05-31T15:21:04 IST" duration-ms="2752" status="PASS">
          <params>
            <param index="0">
              <value>
                <![CDATA[chrome]]>
              </value>
            </param>
          </params>
          <reporter-output>
          </reporter-output>
        </test-method> <!-- setup -->
        <test-method signature="logoutFuncatinality()[pri:4, instance:Com.SaouceDemo.TestClass.TC02_logoutfunc@74751b3]" started-at="2022-05-31T15:21:04 IST" name="logoutFuncatinality" finished-at="2022-05-31T15:21:04 IST" duration-ms="180" status="PASS">
          <reporter-output>
          </reporter-output>
        </test-method> <!-- logoutFuncatinality -->
        <test-method is-config="true" signature="tearDown()[pri:0, instance:Com.SaouceDemo.TestClass.TC02_logoutfunc@74751b3]" started-at="2022-05-31T15:21:04 IST" name="tearDown" finished-at="2022-05-31T15:21:04 IST" duration-ms="305" status="PASS">
          <reporter-output>
          </reporter-output>
        </test-method> <!-- tearDown -->
      </class> <!-- Com.SaouceDemo.TestClass.TC02_logoutfunc -->
    </test> <!-- Test -->
  </suite> <!-- Suite -->
</testng-results>
